[11:25:39] This is prokka_ed 1.14.6
[11:25:39] Written by Torsten Seemann <torsten.seemann@gmail.com>
[11:25:39] Homepage is https://github.com/tseemann/prokka
[11:25:39] Local time is Wed Jun  4 11:25:39 2025
[11:25:39] You are 4980980
[11:25:39] Operating system is linux
[11:25:39] You have BioPerl 1.007002
[11:25:39] System has 64 cores.
[11:25:39] Will use maximum of 2 cores.
[11:25:39] Annotating as >>> Bacteria <<<
[11:25:39] Creating new output folder: prokka_Sodalis_sp_HBA_GCF_900161835_1
[11:25:39] Running: mkdir -p prokka_Sodalis_sp_HBA_GCF_900161835_1
[11:25:39] Using filename prefix: Sodalis_sp_HBA_GCF_900161835_1.XXX
[11:25:39] Setting HMMER_NCPU=1
[11:25:39] Writing log to: prokka_Sodalis_sp_HBA_GCF_900161835_1/Sodalis_sp_HBA_GCF_900161835_1.log
[11:25:39] Command: /science/projects/courses/B-B3BCG20/B-B3BCG20/bin/prokka_ed -o prokka_Sodalis_sp_HBA_GCF_900161835_1 --prefix Sodalis_sp_HBA_GCF_900161835_1 --locustag Sodalis_sp_HBA_GCF_900161835_1 --kingdom Bacteria --metagenome --cpus 2 Sodalis_sp_HBA_GCF_900161835.1.fna
[11:25:39] Appending to PATH: /science-nfs-sys/vsm01/projects/courses/B-B3BCG20/B-B3BCG20/bin
[11:25:39] Looking for 'aragorn' - found /science/projects/courses/B-B3BCG20/B-B3BCG20/bin/aragorn
[11:25:39] Determined aragorn version is 001002 from 'ARAGORN v1.2.41 Dean Laslett'
[11:25:39] Looking for 'barrnap' - found /science/projects/courses/B-B3BCG20/B-B3BCG20/bin/barrnap
[11:25:39] Determined barrnap version is 000009 from 'barrnap 0.9'
[11:25:39] Looking for 'blastp' - found /science/projects/courses/B-B3BCG20/B-B3BCG20/bin/blastp
[11:25:39] Determined blastp version is 002015 from 'blastp: 2.15.0+'
[11:25:39] Looking for 'cmpress' - found /science/projects/courses/B-B3BCG20/B-B3BCG20/bin/cmpress
[11:25:39] Determined cmpress version is 001001 from '# INFERNAL 1.1.4 (Dec 2020)'
[11:25:39] Looking for 'cmscan' - found /science/projects/courses/B-B3BCG20/B-B3BCG20/bin/cmscan
[11:25:40] Determined cmscan version is 001001 from '# INFERNAL 1.1.4 (Dec 2020)'
[11:25:40] Looking for 'egrep' - found /usr/bin/egrep
[11:25:40] Looking for 'find' - found /usr/bin/find
[11:25:40] Looking for 'grep' - found /usr/bin/grep
[11:25:40] Looking for 'hmmpress' - found /science/projects/courses/B-B3BCG20/B-B3BCG20/bin/hmmpress
[11:25:40] Determined hmmpress version is 003004 from '# HMMER 3.4 (Aug 2023); http://hmmer.org/'
[11:25:40] Looking for 'hmmscan' - found /science/projects/courses/B-B3BCG20/B-B3BCG20/bin/hmmscan
[11:25:40] Determined hmmscan version is 003004 from '# HMMER 3.4 (Aug 2023); http://hmmer.org/'
[11:25:40] Looking for 'java' - found /science/projects/courses/B-B3BCG20/B-B3BCG20/bin/java
[11:25:40] Looking for 'makeblastdb' - found /science/projects/courses/B-B3BCG20/B-B3BCG20/bin/makeblastdb
[11:25:40] Determined makeblastdb version is 002015 from 'makeblastdb: 2.15.0+'
[11:25:40] Looking for 'minced' - found /science/projects/courses/B-B3BCG20/B-B3BCG20/bin/minced
[11:25:40] Determined minced version is 004002 from 'minced 0.4.2'
[11:25:40] Looking for 'parallel' - found /science/projects/courses/B-B3BCG20/B-B3BCG20/bin/parallel
[11:25:40] Determined parallel version is 20240722 from 'GNU parallel 20240722'
[11:25:40] Looking for 'prodigal' - found /science/projects/courses/B-B3BCG20/B-B3BCG20/bin/prodigal
[11:25:40] Determined prodigal version is 002006 from 'Prodigal V2.6.3: February, 2016'
[11:25:40] Looking for 'prokka-genbank_to_fasta_db' - found /science/projects/courses/B-B3BCG20/B-B3BCG20/bin/prokka-genbank_to_fasta_db
[11:25:40] Looking for 'sed' - found /science/projects/courses/B-B3BCG20/B-B3BCG20/bin/sed
[11:25:40] Looking for 'signalp' - found /science/projects/courses/B-B3BCG20/B-B3BCG20/bin/signalp
[11:25:40] Determined signalp version is 004001 from '4.1'
[11:25:40] Looking for 'tbl2asn' - found /science/projects/courses/B-B3BCG20/B-B3BCG20/bin/tbl2asn
[11:25:40] Determined tbl2asn version is 025007 from 'tbl2asn 25.7   arguments:'
[11:25:40] Using genetic code table 11.
[11:25:40] Loading and checking input file: Sodalis_sp_HBA_GCF_900161835.1.fna
[11:25:41] Wrote 1 contigs totalling 1622395 bp.
[11:25:41] Predicting tRNAs and tmRNAs
[11:25:41] Running: aragorn -l -gc11  -w prokka_Sodalis_sp_HBA_GCF_900161835_1\/Sodalis_sp_HBA_GCF_900161835_1\.fna
[11:25:41] 1 tRNA-Met c[41356,41432] 35 (cat)
[11:25:41] 2 tRNA-Ser [214608,214695] 35 (tga)
[11:25:41] 3 tRNA-Ala c[217661,217733] 34 (ggc)
[11:25:41] 4 tRNA-Val [219512,219587] 34 (tac)
[11:25:41] 5 tRNA-Thr c[240267,240342] 34 (cgt)
[11:25:41] 6 tRNA-Glu c[291014,291089] 35 (ttc)
[11:25:41] 7 tRNA-Ser c[453707,453795] 35 (cga)
[11:25:41] 8 tRNA-Asn [454832,454907] 34 (gtt)
[11:25:41] 9 tRNA-Arg [529535,529611] 35 (tct)
[11:25:41] 10 tRNA-Met [561039,561112] 34 (cat)
[11:25:41] 11 tRNA-Arg c[569768,569841] 35 (cct)
[11:25:41] 12 tRNA-Ala c[577302,577377] 34 (tgc)
[11:25:41] 13 tRNA-Ile c[577548,577624] 35 (gat)
[11:25:41] 14 tRNA-Pro [667917,667992] 36 (ggg)
[11:25:41] 15 tRNA-Leu [759526,759612] 36 (gag)
[11:25:41] 16 tRNA-Thr [885340,885415] 35 (tgt)
[11:25:41] 17 tRNA-Tyr [885426,885510] 35 (gta)
[11:25:41] 18 tRNA-Gly [885687,885760] 34 (tcc)
[11:25:41] 19 tRNA-Thr [885770,885845] 34 (ggt)
[11:25:41] 20 tRNA-Val [940856,940932] 35 (gac)
[11:25:41] 21 tRNA-Ser [989368,989457] 35 (gga)
[11:25:41] 22 tRNA-Gly [1055300,1055374] 33 (gcc)
[11:25:41] 23 tRNA-Gly c[1056537,1056611] 33 (gcc)
[11:25:41] 24 tRNA-Arg [1081991,1082065] 35 (ccg)
[11:25:41] 25 tRNA-His [1082132,1082205] 34 (gtg)
[11:25:41] 26 tRNA-Leu [1082236,1082320] 35 (cag)
[11:25:41] 27 tRNA-Pro [1082388,1082463] 36 (tgg)
[11:25:41] 28 tRNA-Trp c[1083315,1083391] 35 (cca)
[11:25:41] 29 tRNA-Asp c[1083399,1083475] 35 (gtc)
[11:25:41] 30 tRNA-Ser [1113524,1113615] 35 (gct)
[11:25:41] 31 tRNA-Arg [1113635,1113711] 35 (acg)
[11:25:41] 32 tmRNA [1196498,1196876] 91,132 ANDSQYESAALAA*
[11:25:41] 33 tRNA-Leu c[1319173,1319257] 36 (taa)
[11:25:41] 34 tRNA-Cys c[1319275,1319348] 34 (gca)
[11:25:41] 35 tRNA-Lys c[1329486,1329561] 34 (ctt)
[11:25:41] 36 tRNA-Pro c[1419604,1419680] 35 (cgg)
[11:25:41] 37 tRNA-Leu [1452681,1452764] 36 (caa)
[11:25:41] 38 tRNA-Phe [1455232,1455307] 35 (gaa)
[11:25:41] 39 tRNA-Lys c[1510595,1510670] 35 (ttt)
[11:25:41] 40 tRNA-Met [1546382,1546458] 35 (cat)
[11:25:41] 41 tRNA-Leu [1546465,1546547] 35 (tag)
[11:25:41] 42 tRNA-Gln [1546571,1546645] 33 (ttg)
[11:25:41] 43 tRNA-Gln [1546885,1546959] 35 (ctg)
[11:25:41] Found 43 tRNAs
[11:25:41] Predicting Ribosomal RNAs
[11:25:41] Running Barrnap with 2 threads
[11:25:43] 1 NZ_LT897836.1 573811 5S ribosomal RNA
[11:25:43] 2 NZ_LT897836.1 573976 23S ribosomal RNA
[11:25:43] 3 NZ_LT897836.1 577696 16S ribosomal RNA
[11:25:43] Found 3 rRNAs
[11:25:43] Skipping ncRNA search, enable with --rfam if desired.
[11:25:43] Total of 45 tRNA + rRNA features
[11:25:43] Searching for CRISPR repeats
[11:25:43] Found 0 CRISPRs
[11:25:43] Predicting coding sequences
[11:25:43] Contigs total 1622395 bp, so using meta mode
[11:25:43] Running: prodigal -i prokka_Sodalis_sp_HBA_GCF_900161835_1\/Sodalis_sp_HBA_GCF_900161835_1\.fna -c -m -g 11 -p meta -f sco -q
[11:25:50] Excluding CDS which overlaps existing RNA (rRNA) at NZ_LT897836.1:574590..575027 on + strand
[11:25:50] Excluding CDS which overlaps existing RNA (tRNA) at NZ_LT897836.1:1082077..1082331 on + strand
[11:25:51] Excluding CDS which overlaps existing RNA (tRNA) at NZ_LT897836.1:1546815..1546961 on - strand
[11:25:51] Found 806 CDS
[11:25:51] Connecting features back to sequences
[11:25:51] Not using genus-specific database. Try --usegenus to enable it.
[11:25:51] Annotating CDS, please be patient.
[11:25:51] Will use 2 CPUs for similarity searching.
[11:25:51] There are still 806 unannotated CDS left (started with 806)
[11:25:51] Will use blast to search against /science-nfs-sys/vsm01/projects/courses/B-B3BCG20/B-B3BCG20/db/kingdom/Bacteria/IS with 2 CPUs
[11:25:51] Running: cat prokka_Sodalis_sp_HBA_GCF_900161835_1\/Sodalis_sp_HBA_GCF_900161835_1\.IS\.tmp\.29580\.faa | parallel --gnu --plain -j 2 --block 53229 --recstart '>' --pipe blastp -query - -db /science-nfs-sys/vsm01/projects/courses/B-B3BCG20/B-B3BCG20/db/kingdom/Bacteria/IS -evalue 1e-30 -qcov_hsp_perc 90 -num_threads 1 -num_descriptions 1 -num_alignments 1 -seg no > prokka_Sodalis_sp_HBA_GCF_900161835_1\/Sodalis_sp_HBA_GCF_900161835_1\.IS\.tmp\.29580\.blast 2> /dev/null
[11:26:00] Deleting unwanted file: prokka_Sodalis_sp_HBA_GCF_900161835_1/Sodalis_sp_HBA_GCF_900161835_1.IS.tmp.29580.faa
[11:26:00] Deleting unwanted file: prokka_Sodalis_sp_HBA_GCF_900161835_1/Sodalis_sp_HBA_GCF_900161835_1.IS.tmp.29580.blast
[11:26:00] There are still 806 unannotated CDS left (started with 806)
[11:26:00] Will use blast to search against /science-nfs-sys/vsm01/projects/courses/B-B3BCG20/B-B3BCG20/db/kingdom/Bacteria/AMR with 2 CPUs
[11:26:00] Running: cat prokka_Sodalis_sp_HBA_GCF_900161835_1\/Sodalis_sp_HBA_GCF_900161835_1\.AMR\.tmp\.29580\.faa | parallel --gnu --plain -j 2 --block 53229 --recstart '>' --pipe blastp -query - -db /science-nfs-sys/vsm01/projects/courses/B-B3BCG20/B-B3BCG20/db/kingdom/Bacteria/AMR -evalue 9.99999999999999e-301 -qcov_hsp_perc 90 -num_threads 1 -num_descriptions 1 -num_alignments 1 -seg no > prokka_Sodalis_sp_HBA_GCF_900161835_1\/Sodalis_sp_HBA_GCF_900161835_1\.AMR\.tmp\.29580\.blast 2> /dev/null
[11:26:08] Deleting unwanted file: prokka_Sodalis_sp_HBA_GCF_900161835_1/Sodalis_sp_HBA_GCF_900161835_1.AMR.tmp.29580.faa
[11:26:08] Deleting unwanted file: prokka_Sodalis_sp_HBA_GCF_900161835_1/Sodalis_sp_HBA_GCF_900161835_1.AMR.tmp.29580.blast
[11:26:08] There are still 806 unannotated CDS left (started with 806)
[11:26:08] Will use blast to search against /science-nfs-sys/vsm01/projects/courses/B-B3BCG20/B-B3BCG20/db/kingdom/Bacteria/sprot with 2 CPUs
[11:26:08] Running: cat prokka_Sodalis_sp_HBA_GCF_900161835_1\/Sodalis_sp_HBA_GCF_900161835_1\.sprot\.tmp\.29580\.faa | parallel --gnu --plain -j 2 --block 53229 --recstart '>' --pipe blastp -query - -db /science-nfs-sys/vsm01/projects/courses/B-B3BCG20/B-B3BCG20/db/kingdom/Bacteria/sprot -evalue 1e-09 -qcov_hsp_perc 80 -num_threads 1 -num_descriptions 1 -num_alignments 1 -seg no > prokka_Sodalis_sp_HBA_GCF_900161835_1\/Sodalis_sp_HBA_GCF_900161835_1\.sprot\.tmp\.29580\.blast 2> /dev/null
[11:26:40] Modify product: Bifunctional protein FolD => Bifunctional protein FolD protein
[11:26:40] Modify product: Probable glycerol-3-phosphate acyltransferase => putative glycerol-3-phosphate acyltransferase
[11:26:40] Modify product: Uncharacterized metal-dependent hydrolase YcfH => putative metal-dependent hydrolase YcfH
[11:26:40] Modify product: UPF0053 inner membrane protein YoaE => hypothetical protein
[11:26:40] Modify product: UPF0056 inner membrane protein YhgN => hypothetical protein
[11:26:40] Modify product: Probable GTP-binding protein EngB => putative GTP-binding protein EngB
[11:26:40] Modify product: Probable transcriptional regulatory protein YebC => putative transcriptional regulatory protein YebC
[11:26:40] Modify product: Probable lipid II flippase MurJ => putative lipid II flippase MurJ
[11:26:40] Modify product: Probable multidrug resistance ABC transporter ATP-binding/permease protein YheI => putative multidrug resistance ABC transporter ATP-binding/permease protein YheI
[11:26:40] Modify product: UPF0259 membrane protein YciC => hypothetical protein
[11:26:40] Modify product: Probable ATP-dependent transporter SufC => putative ATP-dependent transporter SufC
[11:26:40] Modify product: UPF0438 protein YifE => hypothetical protein
[11:26:40] Modify product: Probable Fe(2+)-trafficking protein => putative Fe(2+)-trafficking protein
[11:26:41] Modify product: Probable peptidoglycan glycosyltransferase FtsW => putative peptidoglycan glycosyltransferase FtsW
[11:26:41] Modify product: Probable protein kinase UbiB => putative protein kinase UbiB
[11:26:41] Modify product: Multidrug transporter PA4990 => Multidrug transporter
[11:26:41] Modify product: GTP cyclohydrolase 1 type 2 homolog => GTP cyclohydrolase 1 type 2 
[11:26:41] Modify product: UPF0434 protein YcaR => hypothetical protein
[11:26:41] Modify product: Probable multidrug resistance ABC transporter ATP-binding/permease protein YheH => putative multidrug resistance ABC transporter ATP-binding/permease protein YheH
[11:26:41] Cleaned 19 /product names
[11:26:41] Deleting unwanted file: prokka_Sodalis_sp_HBA_GCF_900161835_1/Sodalis_sp_HBA_GCF_900161835_1.sprot.tmp.29580.faa
[11:26:41] Deleting unwanted file: prokka_Sodalis_sp_HBA_GCF_900161835_1/Sodalis_sp_HBA_GCF_900161835_1.sprot.tmp.29580.blast
[11:26:41] There are still 241 unannotated CDS left (started with 806)
[11:26:41] Will use hmmer3 to search against /science-nfs-sys/vsm01/projects/courses/B-B3BCG20/B-B3BCG20/db/hmm/HAMAP.hmm with 2 CPUs
[11:26:41] Running: cat prokka_Sodalis_sp_HBA_GCF_900161835_1\/Sodalis_sp_HBA_GCF_900161835_1\.HAMAP\.hmm\.tmp\.29580\.faa | parallel --gnu --plain -j 2 --block 5465 --recstart '>' --pipe hmmscan --noali --notextw --acc -E 1e-09 --cpu 1 /science-nfs-sys/vsm01/projects/courses/B-B3BCG20/B-B3BCG20/db/hmm/HAMAP.hmm /dev/stdin > prokka_Sodalis_sp_HBA_GCF_900161835_1\/Sodalis_sp_HBA_GCF_900161835_1\.HAMAP\.hmm\.tmp\.29580\.hmmer3 2> /dev/null
[11:26:54] Deleting unwanted file: prokka_Sodalis_sp_HBA_GCF_900161835_1/Sodalis_sp_HBA_GCF_900161835_1.HAMAP.hmm.tmp.29580.faa
[11:26:54] Deleting unwanted file: prokka_Sodalis_sp_HBA_GCF_900161835_1/Sodalis_sp_HBA_GCF_900161835_1.HAMAP.hmm.tmp.29580.hmmer3
[11:26:54] Labelling remaining 232 proteins as 'hypothetical protein'
[11:26:54] Possible /pseudo 'DNA topoisomerase 4 subunit B' at NZ_LT897836.1 position 536902
[11:26:54] Possible /pseudo '10 kDa chaperonin' at NZ_LT897836.1 position 1043413
[11:26:54] Possible /pseudo 'Oligoribonuclease' at NZ_LT897836.1 position 1056757
[11:26:54] Possible /pseudo '60 kDa chaperonin' at NZ_LT897836.1 position 1066074
[11:26:54] Possible /pseudo 'GTP pyrophosphokinase' at NZ_LT897836.1 position 1104875
[11:26:54] Possible /pseudo 'DNA topoisomerase 4 subunit A' at NZ_LT897836.1 position 1278517
[11:26:54] Found 558 unique /gene codes.
[11:26:54] Fixed 2 duplicate /gene - parE_1 parE_2
[11:26:54] Fixed 2 duplicate /gene - relA_1 relA_2
[11:26:54] Fixed 2 duplicate /gene - groS_1 groS_2
[11:26:54] Fixed 4 duplicate /gene - groL_1 groL_2 groL_3 groL_4
[11:26:54] Fixed 2 duplicate /gene - orn_1 orn_2
[11:26:54] Fixed 2 duplicate /gene - parC_1 parC_2
[11:26:54] Fixed 2 duplicate /gene - lon_1 lon_2
[11:26:54] Fixed 7 colliding /gene names.
[11:26:54] Adding /locus_tag identifiers
[11:26:54] Assigned 852 locus_tags to CDS and RNA features.
[11:26:54] Writing outputs to prokka_Sodalis_sp_HBA_GCF_900161835_1/
[11:26:55] Generating annotation statistics file
[11:26:55] Generating Genbank and Sequin files
[11:26:55] Running: tbl2asn -V b -a r10k -l paired-ends -M n -N 1 -y 'Annotated using prokka_ed 1.14.6 from https://github.com/tseemann/prokka' -Z prokka_Sodalis_sp_HBA_GCF_900161835_1\/Sodalis_sp_HBA_GCF_900161835_1\.err -i prokka_Sodalis_sp_HBA_GCF_900161835_1\/Sodalis_sp_HBA_GCF_900161835_1\.fsa 2> /dev/null
[11:26:57] Deleting unwanted file: prokka_Sodalis_sp_HBA_GCF_900161835_1/errorsummary.val
[11:26:57] Deleting unwanted file: prokka_Sodalis_sp_HBA_GCF_900161835_1/Sodalis_sp_HBA_GCF_900161835_1.dr
[11:26:57] Deleting unwanted file: prokka_Sodalis_sp_HBA_GCF_900161835_1/Sodalis_sp_HBA_GCF_900161835_1.fixedproducts
[11:26:57] Deleting unwanted file: prokka_Sodalis_sp_HBA_GCF_900161835_1/Sodalis_sp_HBA_GCF_900161835_1.ecn
[11:26:57] Deleting unwanted file: prokka_Sodalis_sp_HBA_GCF_900161835_1/Sodalis_sp_HBA_GCF_900161835_1.val
[11:26:57] Repairing broken .GBK output that tbl2asn produces...
[11:26:57] Running: sed 's/COORDINATES: profile/COORDINATES:profile/' < prokka_Sodalis_sp_HBA_GCF_900161835_1\/Sodalis_sp_HBA_GCF_900161835_1\.gbf > prokka_Sodalis_sp_HBA_GCF_900161835_1\/Sodalis_sp_HBA_GCF_900161835_1\.gbk
[11:26:57] Deleting unwanted file: prokka_Sodalis_sp_HBA_GCF_900161835_1/Sodalis_sp_HBA_GCF_900161835_1.gbf
[11:26:57] Output files:
[11:26:57] prokka_Sodalis_sp_HBA_GCF_900161835_1/Sodalis_sp_HBA_GCF_900161835_1.log
[11:26:57] prokka_Sodalis_sp_HBA_GCF_900161835_1/Sodalis_sp_HBA_GCF_900161835_1.fna
[11:26:57] prokka_Sodalis_sp_HBA_GCF_900161835_1/Sodalis_sp_HBA_GCF_900161835_1.gff
[11:26:57] prokka_Sodalis_sp_HBA_GCF_900161835_1/Sodalis_sp_HBA_GCF_900161835_1.faa
[11:26:57] prokka_Sodalis_sp_HBA_GCF_900161835_1/Sodalis_sp_HBA_GCF_900161835_1.ffn
[11:26:57] prokka_Sodalis_sp_HBA_GCF_900161835_1/Sodalis_sp_HBA_GCF_900161835_1.tbl
[11:26:57] prokka_Sodalis_sp_HBA_GCF_900161835_1/Sodalis_sp_HBA_GCF_900161835_1.fsa
[11:26:57] prokka_Sodalis_sp_HBA_GCF_900161835_1/Sodalis_sp_HBA_GCF_900161835_1.tsv
[11:26:57] prokka_Sodalis_sp_HBA_GCF_900161835_1/Sodalis_sp_HBA_GCF_900161835_1.txt
[11:26:57] prokka_Sodalis_sp_HBA_GCF_900161835_1/Sodalis_sp_HBA_GCF_900161835_1.sqn
[11:26:57] prokka_Sodalis_sp_HBA_GCF_900161835_1/Sodalis_sp_HBA_GCF_900161835_1.gbk
[11:26:57] prokka_Sodalis_sp_HBA_GCF_900161835_1/Sodalis_sp_HBA_GCF_900161835_1.err
[11:26:57] Annotation finished successfully.
[11:26:57] Walltime used: 1.30 minutes
[11:26:57] If you use this result please cite the Prokka paper:
[11:26:57] Seemann T (2014) Prokka: rapid prokaryotic genome annotation. Bioinformatics. 30(14):2068-9.
[11:26:57] Type 'prokka --citation' for more details.
[11:26:57] Thank you, come again.
