[11:04:32] This is prokka_ed 1.14.6
[11:04:32] Written by Torsten Seemann <torsten.seemann@gmail.com>
[11:04:32] Homepage is https://github.com/tseemann/prokka
[11:04:32] Local time is Wed Jun  4 11:04:32 2025
[11:04:32] You are 4980980
[11:04:32] Operating system is linux
[11:04:32] You have BioPerl 1.007002
[11:04:32] System has 64 cores.
[11:04:32] Will use maximum of 2 cores.
[11:04:32] Annotating as >>> Bacteria <<<
[11:04:32] Creating new output folder: prokka_Mikella_endobia_mEPMAR_GCF_900048045_1
[11:04:32] Running: mkdir -p prokka_Mikella_endobia_mEPMAR_GCF_900048045_1
[11:04:32] Using filename prefix: Mikella_endobia_mEPMAR_GCF_900048045_1.XXX
[11:04:32] Setting HMMER_NCPU=1
[11:04:32] Writing log to: prokka_Mikella_endobia_mEPMAR_GCF_900048045_1/Mikella_endobia_mEPMAR_GCF_900048045_1.log
[11:04:32] Command: /science/projects/courses/B-B3BCG20/B-B3BCG20/bin/prokka_ed -o prokka_Mikella_endobia_mEPMAR_GCF_900048045_1 --prefix Mikella_endobia_mEPMAR_GCF_900048045_1 --locustag Mikella_endobia_mEPMAR_GCF_900048045_1 --kingdom Bacteria --metagenome --cpus 2 Mikella_endobia_mEPMAR_GCF_900048045.1.fna
[11:04:32] Appending to PATH: /science-nfs-sys/vsm01/projects/courses/B-B3BCG20/B-B3BCG20/bin
[11:04:32] Looking for 'aragorn' - found /science/projects/courses/B-B3BCG20/B-B3BCG20/bin/aragorn
[11:04:32] Determined aragorn version is 001002 from 'ARAGORN v1.2.41 Dean Laslett'
[11:04:32] Looking for 'barrnap' - found /science/projects/courses/B-B3BCG20/B-B3BCG20/bin/barrnap
[11:04:32] Determined barrnap version is 000009 from 'barrnap 0.9'
[11:04:32] Looking for 'blastp' - found /science/projects/courses/B-B3BCG20/B-B3BCG20/bin/blastp
[11:04:33] Determined blastp version is 002015 from 'blastp: 2.15.0+'
[11:04:33] Looking for 'cmpress' - found /science/projects/courses/B-B3BCG20/B-B3BCG20/bin/cmpress
[11:04:33] Determined cmpress version is 001001 from '# INFERNAL 1.1.4 (Dec 2020)'
[11:04:33] Looking for 'cmscan' - found /science/projects/courses/B-B3BCG20/B-B3BCG20/bin/cmscan
[11:04:33] Determined cmscan version is 001001 from '# INFERNAL 1.1.4 (Dec 2020)'
[11:04:33] Looking for 'egrep' - found /usr/bin/egrep
[11:04:33] Looking for 'find' - found /usr/bin/find
[11:04:33] Looking for 'grep' - found /usr/bin/grep
[11:04:33] Looking for 'hmmpress' - found /science/projects/courses/B-B3BCG20/B-B3BCG20/bin/hmmpress
[11:04:33] Determined hmmpress version is 003004 from '# HMMER 3.4 (Aug 2023); http://hmmer.org/'
[11:04:33] Looking for 'hmmscan' - found /science/projects/courses/B-B3BCG20/B-B3BCG20/bin/hmmscan
[11:04:33] Determined hmmscan version is 003004 from '# HMMER 3.4 (Aug 2023); http://hmmer.org/'
[11:04:33] Looking for 'java' - found /science/projects/courses/B-B3BCG20/B-B3BCG20/bin/java
[11:04:33] Looking for 'makeblastdb' - found /science/projects/courses/B-B3BCG20/B-B3BCG20/bin/makeblastdb
[11:04:33] Determined makeblastdb version is 002015 from 'makeblastdb: 2.15.0+'
[11:04:33] Looking for 'minced' - found /science/projects/courses/B-B3BCG20/B-B3BCG20/bin/minced
[11:04:33] Determined minced version is 004002 from 'minced 0.4.2'
[11:04:33] Looking for 'parallel' - found /science/projects/courses/B-B3BCG20/B-B3BCG20/bin/parallel
[11:04:34] Determined parallel version is 20240722 from 'GNU parallel 20240722'
[11:04:34] Looking for 'prodigal' - found /science/projects/courses/B-B3BCG20/B-B3BCG20/bin/prodigal
[11:04:34] Determined prodigal version is 002006 from 'Prodigal V2.6.3: February, 2016'
[11:04:34] Looking for 'prokka-genbank_to_fasta_db' - found /science/projects/courses/B-B3BCG20/B-B3BCG20/bin/prokka-genbank_to_fasta_db
[11:04:34] Looking for 'sed' - found /science/projects/courses/B-B3BCG20/B-B3BCG20/bin/sed
[11:04:34] Looking for 'signalp' - found /science/projects/courses/B-B3BCG20/B-B3BCG20/bin/signalp
[11:04:34] Determined signalp version is 004001 from '4.1'
[11:04:34] Looking for 'tbl2asn' - found /science/projects/courses/B-B3BCG20/B-B3BCG20/bin/tbl2asn
[11:04:34] Determined tbl2asn version is 025007 from 'tbl2asn 25.7   arguments:'
[11:04:34] Using genetic code table 11.
[11:04:34] Loading and checking input file: Mikella_endobia_mEPMAR_GCF_900048045.1.fna
[11:04:34] Wrote 1 contigs totalling 352837 bp.
[11:04:34] Predicting tRNAs and tmRNAs
[11:04:34] Running: aragorn -l -gc11  -w prokka_Mikella_endobia_mEPMAR_GCF_900048045_1\/Mikella_endobia_mEPMAR_GCF_900048045_1\.fna
[11:04:34] 1 tRNA-Ser c[8682,8767] 35 (tga)
[11:04:34] 2 tRNA-Pro c[9792,9865] 35 (ggg)
[11:04:34] 3 tRNA-Thr c[24182,24257] 34 (cgt)
[11:04:34] 4 tRNA-Ser [36718,36808] 35 (gct)
[11:04:34] 5 tRNA-Arg [36835,36911] 36 (acg)
[11:04:34] 6 tRNA-Pro [42335,42411] 35 (cgg)
[11:04:34] 7 tRNA-Leu [47222,47304] 35 (gag)
[11:04:34] 8 tRNA-Lys c[59498,59570] 34 (ctt)
[11:04:34] 9 tRNA-Glu [65632,65706] 36 (ttc)
[11:04:34] 10 tRNA-Thr c[106692,106764] 34 (ggt)
[11:04:34] 11 tRNA-Gly c[106770,106844] 34 (tcc)
[11:04:34] 12 tRNA-Tyr c[106907,106991] 35 (gta)
[11:04:34] 13 tRNA-Thr c[106999,107073] 34 (tgt)
[11:04:34] 14 tRNA-Met [150333,150405] 34 (cat)
[11:04:34] 15 tmRNA [154461,154839] 92,130 ANQLQFESALAA*
[11:04:34] 16 tRNA-Phe [157114,157188] 35 (gaa)
[11:04:34] 17 tRNA-Asp c[164421,164495] 35 (gtc)
[11:04:34] 18 tRNA-Lys c[166132,166204] 34 (ttt)
[11:04:34] 19 tRNA-Val c[166220,166292] 34 (tac)
[11:04:34] 20 tRNA-Ala [167848,167922] 35 (ggc)
[11:04:34] 21 tRNA-Ile [173549,173625] 36 (gat)
[11:04:34] 22 tRNA-Ala [173641,173715] 35 (tgc)
[11:04:34] 23 tRNA-Ser [178518,178604] 35 (cga)
[11:04:34] 24 tRNA-Asn [200533,200606] 34 (gtt)
[11:04:34] 25 tRNA-Arg [200649,200721] 35 (cct)
[11:04:34] 26 tRNA-Pro c[221172,221248] 35 (tgg)
[11:04:34] 27 tRNA-Leu c[221261,221348] 35 (cag)
[11:04:34] 28 tRNA-His c[221366,221439] 34 (gtg)
[11:04:34] 29 tRNA-Arg c[221470,221546] 35 (ccg)
[11:04:34] 30 tRNA-Trp c[238632,238707] 34 (cca)
[11:04:34] 31 tRNA-Met [252116,252189] 35 (cat)
[11:04:34] 32 tRNA-Val [272304,272379] 36 (gac)
[11:04:34] 33 tRNA-Arg c[295720,295795] 36 (tct)
[11:04:34] 34 tRNA-Ser c[310837,310924] 35 (gga)
[11:04:34] 35 tRNA-Leu c[312226,312311] 35 (taa)
[11:04:34] 36 tRNA-Cys c[312320,312393] 33 (gca)
[11:04:34] 37 tRNA-Gly c[312444,312518] 33 (gcc)
[11:04:34] 38 tRNA-Leu [330368,330449] 35 (caa)
[11:04:34] 39 tRNA-Leu [333688,333770] 35 (tag)
[11:04:34] 40 tRNA-Gln [333786,333858] 33 (ttg)
[11:04:34] 41 tRNA-Met [333885,333961] 35 (cat)
[11:04:34] 42 tRNA-Gln [333964,334035] 33 (ctg)
[11:04:34] Found 42 tRNAs
[11:04:34] Predicting Ribosomal RNAs
[11:04:34] Running Barrnap with 2 threads
[11:04:35] 1 NZ_LN999831.1 171935 16S ribosomal RNA
[11:04:35] 2 NZ_LN999831.1 173762 23S ribosomal RNA
[11:04:35] 3 NZ_LN999831.1 176699 5S ribosomal RNA
[11:04:35] Found 3 rRNAs
[11:04:35] Skipping ncRNA search, enable with --rfam if desired.
[11:04:35] Total of 44 tRNA + rRNA features
[11:04:35] Searching for CRISPR repeats
[11:04:36] Found 0 CRISPRs
[11:04:36] Predicting coding sequences
[11:04:36] Contigs total 352837 bp, so using meta mode
[11:04:36] Running: prodigal -i prokka_Mikella_endobia_mEPMAR_GCF_900048045_1\/Mikella_endobia_mEPMAR_GCF_900048045_1\.fna -c -m -g 11 -p meta -f sco -q
[11:04:37] Excluding CDS which overlaps existing RNA (tRNA) at NZ_LN999831.1:24129..24284 on - strand
[11:04:37] Excluding CDS which overlaps existing RNA (rRNA) at NZ_LN999831.1:173873..174025 on + strand
[11:04:37] Found 283 CDS
[11:04:37] Connecting features back to sequences
[11:04:37] Not using genus-specific database. Try --usegenus to enable it.
[11:04:37] Annotating CDS, please be patient.
[11:04:37] Will use 2 CPUs for similarity searching.
[11:04:37] There are still 283 unannotated CDS left (started with 283)
[11:04:37] Will use blast to search against /science-nfs-sys/vsm01/projects/courses/B-B3BCG20/B-B3BCG20/db/kingdom/Bacteria/IS with 2 CPUs
[11:04:37] Running: cat prokka_Mikella_endobia_mEPMAR_GCF_900048045_1\/Mikella_endobia_mEPMAR_GCF_900048045_1\.IS\.tmp\.59411\.faa | parallel --gnu --plain -j 2 --block 22766 --recstart '>' --pipe blastp -query - -db /science-nfs-sys/vsm01/projects/courses/B-B3BCG20/B-B3BCG20/db/kingdom/Bacteria/IS -evalue 1e-30 -qcov_hsp_perc 90 -num_threads 1 -num_descriptions 1 -num_alignments 1 -seg no > prokka_Mikella_endobia_mEPMAR_GCF_900048045_1\/Mikella_endobia_mEPMAR_GCF_900048045_1\.IS\.tmp\.59411\.blast 2> /dev/null
[11:04:42] Deleting unwanted file: prokka_Mikella_endobia_mEPMAR_GCF_900048045_1/Mikella_endobia_mEPMAR_GCF_900048045_1.IS.tmp.59411.faa
[11:04:42] Deleting unwanted file: prokka_Mikella_endobia_mEPMAR_GCF_900048045_1/Mikella_endobia_mEPMAR_GCF_900048045_1.IS.tmp.59411.blast
[11:04:42] There are still 283 unannotated CDS left (started with 283)
[11:04:42] Will use blast to search against /science-nfs-sys/vsm01/projects/courses/B-B3BCG20/B-B3BCG20/db/kingdom/Bacteria/AMR with 2 CPUs
[11:04:42] Running: cat prokka_Mikella_endobia_mEPMAR_GCF_900048045_1\/Mikella_endobia_mEPMAR_GCF_900048045_1\.AMR\.tmp\.59411\.faa | parallel --gnu --plain -j 2 --block 22766 --recstart '>' --pipe blastp -query - -db /science-nfs-sys/vsm01/projects/courses/B-B3BCG20/B-B3BCG20/db/kingdom/Bacteria/AMR -evalue 9.99999999999999e-301 -qcov_hsp_perc 90 -num_threads 1 -num_descriptions 1 -num_alignments 1 -seg no > prokka_Mikella_endobia_mEPMAR_GCF_900048045_1\/Mikella_endobia_mEPMAR_GCF_900048045_1\.AMR\.tmp\.59411\.blast 2> /dev/null
[11:04:46] Deleting unwanted file: prokka_Mikella_endobia_mEPMAR_GCF_900048045_1/Mikella_endobia_mEPMAR_GCF_900048045_1.AMR.tmp.59411.faa
[11:04:46] Deleting unwanted file: prokka_Mikella_endobia_mEPMAR_GCF_900048045_1/Mikella_endobia_mEPMAR_GCF_900048045_1.AMR.tmp.59411.blast
[11:04:46] There are still 283 unannotated CDS left (started with 283)
[11:04:46] Will use blast to search against /science-nfs-sys/vsm01/projects/courses/B-B3BCG20/B-B3BCG20/db/kingdom/Bacteria/sprot with 2 CPUs
[11:04:46] Running: cat prokka_Mikella_endobia_mEPMAR_GCF_900048045_1\/Mikella_endobia_mEPMAR_GCF_900048045_1\.sprot\.tmp\.59411\.faa | parallel --gnu --plain -j 2 --block 22766 --recstart '>' --pipe blastp -query - -db /science-nfs-sys/vsm01/projects/courses/B-B3BCG20/B-B3BCG20/db/kingdom/Bacteria/sprot -evalue 1e-09 -qcov_hsp_perc 80 -num_threads 1 -num_descriptions 1 -num_alignments 1 -seg no > prokka_Mikella_endobia_mEPMAR_GCF_900048045_1\/Mikella_endobia_mEPMAR_GCF_900048045_1\.sprot\.tmp\.59411\.blast 2> /dev/null
[11:05:00] Modify product: Probable GTP-binding protein EngB => putative GTP-binding protein EngB
[11:05:00] Modify product: Uncharacterized metal-dependent hydrolase YcfH => putative metal-dependent hydrolase YcfH
[11:05:00] Modify product: Probable ATP-dependent transporter SufC => putative ATP-dependent transporter SufC
[11:05:00] Modify product: UPF0301 protein YqgE => hypothetical protein
[11:05:01] Cleaned 4 /product names
[11:05:01] Deleting unwanted file: prokka_Mikella_endobia_mEPMAR_GCF_900048045_1/Mikella_endobia_mEPMAR_GCF_900048045_1.sprot.tmp.59411.faa
[11:05:01] Deleting unwanted file: prokka_Mikella_endobia_mEPMAR_GCF_900048045_1/Mikella_endobia_mEPMAR_GCF_900048045_1.sprot.tmp.59411.blast
[11:05:01] There are still 19 unannotated CDS left (started with 283)
[11:05:01] Will use hmmer3 to search against /science-nfs-sys/vsm01/projects/courses/B-B3BCG20/B-B3BCG20/db/hmm/HAMAP.hmm with 2 CPUs
[11:05:01] Running: cat prokka_Mikella_endobia_mEPMAR_GCF_900048045_1\/Mikella_endobia_mEPMAR_GCF_900048045_1\.HAMAP\.hmm\.tmp\.59411\.faa | parallel --gnu --plain -j 2 --block 805 --recstart '>' --pipe hmmscan --noali --notextw --acc -E 1e-09 --cpu 1 /science-nfs-sys/vsm01/projects/courses/B-B3BCG20/B-B3BCG20/db/hmm/HAMAP.hmm /dev/stdin > prokka_Mikella_endobia_mEPMAR_GCF_900048045_1\/Mikella_endobia_mEPMAR_GCF_900048045_1\.HAMAP\.hmm\.tmp\.59411\.hmmer3 2> /dev/null
[11:05:02] Deleting unwanted file: prokka_Mikella_endobia_mEPMAR_GCF_900048045_1/Mikella_endobia_mEPMAR_GCF_900048045_1.HAMAP.hmm.tmp.59411.faa
[11:05:02] Deleting unwanted file: prokka_Mikella_endobia_mEPMAR_GCF_900048045_1/Mikella_endobia_mEPMAR_GCF_900048045_1.HAMAP.hmm.tmp.59411.hmmer3
[11:05:02] Labelling remaining 16 proteins as 'hypothetical protein'
[11:05:02] Possible /pseudo 'DNA helicase II' at NZ_LN999831.1 position 252762
[11:05:02] Possible /pseudo 'DNA helicase II' at NZ_LN999831.1 position 253295
[11:05:02] Found 264 unique /gene codes.
[11:05:02] Fixed 3 duplicate /gene - uvrD_1 uvrD_2 uvrD_3
[11:05:02] Fixed 1 colliding /gene names.
[11:05:02] Adding /locus_tag identifiers
[11:05:02] Assigned 328 locus_tags to CDS and RNA features.
[11:05:02] Writing outputs to prokka_Mikella_endobia_mEPMAR_GCF_900048045_1/
[11:05:03] Generating annotation statistics file
[11:05:03] Generating Genbank and Sequin files
[11:05:03] Running: tbl2asn -V b -a r10k -l paired-ends -M n -N 1 -y 'Annotated using prokka_ed 1.14.6 from https://github.com/tseemann/prokka' -Z prokka_Mikella_endobia_mEPMAR_GCF_900048045_1\/Mikella_endobia_mEPMAR_GCF_900048045_1\.err -i prokka_Mikella_endobia_mEPMAR_GCF_900048045_1\/Mikella_endobia_mEPMAR_GCF_900048045_1\.fsa 2> /dev/null
[11:05:04] Deleting unwanted file: prokka_Mikella_endobia_mEPMAR_GCF_900048045_1/errorsummary.val
[11:05:04] Deleting unwanted file: prokka_Mikella_endobia_mEPMAR_GCF_900048045_1/Mikella_endobia_mEPMAR_GCF_900048045_1.dr
[11:05:04] Deleting unwanted file: prokka_Mikella_endobia_mEPMAR_GCF_900048045_1/Mikella_endobia_mEPMAR_GCF_900048045_1.fixedproducts
[11:05:04] Deleting unwanted file: prokka_Mikella_endobia_mEPMAR_GCF_900048045_1/Mikella_endobia_mEPMAR_GCF_900048045_1.ecn
[11:05:04] Deleting unwanted file: prokka_Mikella_endobia_mEPMAR_GCF_900048045_1/Mikella_endobia_mEPMAR_GCF_900048045_1.val
[11:05:04] Repairing broken .GBK output that tbl2asn produces...
[11:05:04] Running: sed 's/COORDINATES: profile/COORDINATES:profile/' < prokka_Mikella_endobia_mEPMAR_GCF_900048045_1\/Mikella_endobia_mEPMAR_GCF_900048045_1\.gbf > prokka_Mikella_endobia_mEPMAR_GCF_900048045_1\/Mikella_endobia_mEPMAR_GCF_900048045_1\.gbk
[11:05:04] Deleting unwanted file: prokka_Mikella_endobia_mEPMAR_GCF_900048045_1/Mikella_endobia_mEPMAR_GCF_900048045_1.gbf
[11:05:04] Output files:
[11:05:04] prokka_Mikella_endobia_mEPMAR_GCF_900048045_1/Mikella_endobia_mEPMAR_GCF_900048045_1.log
[11:05:04] prokka_Mikella_endobia_mEPMAR_GCF_900048045_1/Mikella_endobia_mEPMAR_GCF_900048045_1.fna
[11:05:04] prokka_Mikella_endobia_mEPMAR_GCF_900048045_1/Mikella_endobia_mEPMAR_GCF_900048045_1.gff
[11:05:04] prokka_Mikella_endobia_mEPMAR_GCF_900048045_1/Mikella_endobia_mEPMAR_GCF_900048045_1.faa
[11:05:04] prokka_Mikella_endobia_mEPMAR_GCF_900048045_1/Mikella_endobia_mEPMAR_GCF_900048045_1.ffn
[11:05:04] prokka_Mikella_endobia_mEPMAR_GCF_900048045_1/Mikella_endobia_mEPMAR_GCF_900048045_1.tbl
[11:05:04] prokka_Mikella_endobia_mEPMAR_GCF_900048045_1/Mikella_endobia_mEPMAR_GCF_900048045_1.fsa
[11:05:04] prokka_Mikella_endobia_mEPMAR_GCF_900048045_1/Mikella_endobia_mEPMAR_GCF_900048045_1.tsv
[11:05:04] prokka_Mikella_endobia_mEPMAR_GCF_900048045_1/Mikella_endobia_mEPMAR_GCF_900048045_1.txt
[11:05:04] prokka_Mikella_endobia_mEPMAR_GCF_900048045_1/Mikella_endobia_mEPMAR_GCF_900048045_1.sqn
[11:05:04] prokka_Mikella_endobia_mEPMAR_GCF_900048045_1/Mikella_endobia_mEPMAR_GCF_900048045_1.gbk
[11:05:04] prokka_Mikella_endobia_mEPMAR_GCF_900048045_1/Mikella_endobia_mEPMAR_GCF_900048045_1.err
[11:05:04] Annotation finished successfully.
[11:05:04] Walltime used: 0.53 minutes
[11:05:04] If you use this result please cite the Prokka paper:
[11:05:04] Seemann T (2014) Prokka: rapid prokaryotic genome annotation. Bioinformatics. 30(14):2068-9.
[11:05:04] Type 'prokka --citation' for more details.
[11:05:04] Thank you, come again.
